TN:
SF:src\cli-enhanced.js
FN:36,(anonymous_0)
FN:56,(anonymous_1)
FN:84,(anonymous_2)
FN:98,(anonymous_3)
FN:116,(anonymous_4)
FN:148,(anonymous_5)
FN:166,(anonymous_6)
FN:192,(anonymous_7)
FN:237,(anonymous_8)
FN:306,(anonymous_9)
FN:315,(anonymous_10)
FN:329,(anonymous_11)
FN:357,(anonymous_12)
FN:394,(anonymous_13)
FN:403,(anonymous_14)
FN:406,(anonymous_15)
FN:411,(anonymous_16)
FN:451,(anonymous_17)
FN:460,(anonymous_18)
FN:468,(anonymous_19)
FN:479,(anonymous_20)
FN:494,(anonymous_21)
FN:506,(anonymous_22)
FN:515,(anonymous_23)
FN:520,(anonymous_24)
FN:526,(anonymous_25)
FN:535,(anonymous_26)
FNF:27
FNH:0
FNDA:0,(anonymous_0)
FNDA:0,(anonymous_1)
FNDA:0,(anonymous_2)
FNDA:0,(anonymous_3)
FNDA:0,(anonymous_4)
FNDA:0,(anonymous_5)
FNDA:0,(anonymous_6)
FNDA:0,(anonymous_7)
FNDA:0,(anonymous_8)
FNDA:0,(anonymous_9)
FNDA:0,(anonymous_10)
FNDA:0,(anonymous_11)
FNDA:0,(anonymous_12)
FNDA:0,(anonymous_13)
FNDA:0,(anonymous_14)
FNDA:0,(anonymous_15)
FNDA:0,(anonymous_16)
FNDA:0,(anonymous_17)
FNDA:0,(anonymous_18)
FNDA:0,(anonymous_19)
FNDA:0,(anonymous_20)
FNDA:0,(anonymous_21)
FNDA:0,(anonymous_22)
FNDA:0,(anonymous_23)
FNDA:0,(anonymous_24)
FNDA:0,(anonymous_25)
FNDA:0,(anonymous_26)
DA:3,0
DA:4,0
DA:5,0
DA:6,0
DA:7,0
DA:8,0
DA:9,0
DA:10,0
DA:11,0
DA:14,0
DA:16,0
DA:18,0
DA:24,0
DA:37,0
DA:38,0
DA:41,0
DA:42,0
DA:43,0
DA:45,0
DA:46,0
DA:47,0
DA:48,0
DA:52,0
DA:53,0
DA:54,0
DA:55,0
DA:56,0
DA:57,0
DA:59,0
DA:62,0
DA:65,0
DA:66,0
DA:69,0
DA:70,0
DA:73,0
DA:74,0
DA:79,0
DA:85,0
DA:86,0
DA:88,0
DA:89,0
DA:90,0
DA:92,0
DA:94,0
DA:97,0
DA:98,0
DA:99,0
DA:100,0
DA:101,0
DA:102,0
DA:106,0
DA:107,0
DA:111,0
DA:117,0
DA:118,0
DA:120,0
DA:121,0
DA:122,0
DA:124,0
DA:126,0
DA:129,0
DA:130,0
DA:131,0
DA:133,0
DA:134,0
DA:138,0
DA:139,0
DA:143,0
DA:149,0
DA:150,0
DA:152,0
DA:153,0
DA:154,0
DA:156,0
DA:157,0
DA:159,0
DA:162,0
DA:163,0
DA:164,0
DA:165,0
DA:166,0
DA:167,0
DA:170,0
DA:171,0
DA:173,0
DA:174,0
DA:176,0
DA:180,0
DA:181,0
DA:185,0
DA:193,0
DA:194,0
DA:195,0
DA:196,0
DA:198,0
DA:199,0
DA:200,0
DA:201,0
DA:202,0
DA:206,0
DA:207,0
DA:208,0
DA:209,0
DA:213,0
DA:214,0
DA:218,0
DA:219,0
DA:224,0
DA:225,0
DA:230,0
DA:238,0
DA:239,0
DA:240,0
DA:241,0
DA:243,0
DA:267,0
DA:268,0
DA:269,0
DA:270,0
DA:271,0
DA:272,0
DA:273,0
DA:274,0
DA:275,0
DA:277,0
DA:278,0
DA:280,0
DA:281,0
DA:283,0
DA:284,0
DA:286,0
DA:288,0
DA:291,0
DA:292,0
DA:297,0
DA:300,0
DA:301,0
DA:307,0
DA:308,0
DA:309,0
DA:310,0
DA:311,0
DA:312,0
DA:316,0
DA:318,0
DA:319,0
DA:320,0
DA:322,0
DA:323,0
DA:324,0
DA:329,0
DA:333,0
DA:334,0
DA:335,0
DA:336,0
DA:339,0
DA:340,0
DA:341,0
DA:344,0
DA:345,0
DA:346,0
DA:349,0
DA:352,0
DA:358,0
DA:360,0
DA:362,0
DA:363,0
DA:364,0
DA:366,0
DA:367,0
DA:368,0
DA:369,0
DA:372,0
DA:373,0
DA:375,0
DA:376,0
DA:377,0
DA:378,0
DA:382,0
DA:389,0
DA:390,0
DA:396,0
DA:402,0
DA:403,0
DA:408,0
DA:412,0
DA:414,0
DA:416,0
DA:417,0
DA:419,0
DA:420,0
DA:422,0
DA:424,0
DA:426,0
DA:427,0
DA:429,0
DA:430,0
DA:432,0
DA:434,0
DA:436,0
DA:437,0
DA:439,0
DA:440,0
DA:441,0
DA:443,0
DA:444,0
DA:446,0
DA:447,0
DA:452,0
DA:454,0
DA:455,0
DA:456,0
DA:461,0
DA:463,0
DA:464,0
DA:465,0
DA:467,0
DA:468,0
DA:469,0
DA:470,0
DA:471,0
DA:474,0
DA:475,0
DA:480,0
DA:482,0
DA:483,0
DA:484,0
DA:486,0
DA:487,0
DA:489,0
DA:490,0
DA:495,0
DA:497,0
DA:498,0
DA:499,0
DA:501,0
DA:503,0
DA:504,0
DA:505,0
DA:506,0
DA:507,0
DA:510,0
DA:511,0
DA:516,0
DA:517,0
DA:521,0
DA:523,0
DA:524,0
DA:526,0
DA:527,0
DA:528,0
DA:529,0
DA:530,0
DA:536,0
DA:537,0
DA:538,0
DA:539,0
DA:540,0
DA:541,0
DA:542,0
DA:543,0
DA:544,0
DA:545,0
DA:546,0
DA:548,0
DA:549,0
DA:550,0
DA:551,0
DA:552,0
DA:553,0
DA:554,0
DA:556,0
DA:557,0
DA:558,0
DA:559,0
DA:560,0
DA:561,0
DA:562,0
DA:566,0
LF:279
LH:0
BRDA:45,0,0,0
BRDA:45,0,1,0
BRDA:53,1,0,0
BRDA:53,1,1,0
BRDA:129,2,0,0
BRDA:129,2,1,0
BRDA:170,3,0,0
BRDA:170,3,1,0
BRDA:173,4,0,0
BRDA:173,4,1,0
BRDA:198,5,0,0
BRDA:198,5,1,0
BRDA:198,6,0,0
BRDA:198,6,1,0
BRDA:206,7,0,0
BRDA:206,7,1,0
BRDA:213,8,0,0
BRDA:213,8,1,0
BRDA:218,9,0,0
BRDA:218,9,1,0
BRDA:239,10,0,0
BRDA:239,10,1,0
BRDA:269,11,0,0
BRDA:269,11,1,0
BRDA:273,12,0,0
BRDA:273,12,1,0
BRDA:277,13,0,0
BRDA:277,13,1,0
BRDA:283,14,0,0
BRDA:283,14,1,0
BRDA:300,15,0,0
BRDA:300,15,1,0
BRDA:329,16,0,0
BRDA:329,16,1,0
BRDA:333,17,0,0
BRDA:333,17,1,0
BRDA:333,18,0,0
BRDA:333,18,1,0
BRDA:339,19,0,0
BRDA:339,19,1,0
BRDA:344,20,0,0
BRDA:344,20,1,0
BRDA:362,21,0,0
BRDA:362,21,1,0
BRDA:384,22,0,0
BRDA:384,22,1,0
BRDA:403,23,0,0
BRDA:403,23,1,0
BRDA:414,24,0,0
BRDA:414,24,1,0
BRDA:414,24,2,0
BRDA:414,24,3,0
BRDA:414,24,4,0
BRDA:414,24,5,0
BRDA:414,24,6,0
BRDA:414,24,7,0
BRDA:419,25,0,0
BRDA:419,25,1,0
BRDA:429,26,0,0
BRDA:429,26,1,0
BRDA:523,27,0,0
BRDA:523,27,1,0
BRF:62
BRH:0
end_of_record
TN:
SF:src\config.js
FN:17,loadConfig
FN:37,saveConfig
FN:47,getDefaultConfig
FN:69,validateConfig
FN:146,initializeConfig
FN:160,getConfigPath
FN:168,configExists
FN:177,resetConfig
FN:189,updateConfig
FNF:9
FNH:4
FNDA:1,loadConfig
FNDA:1,saveConfig
FNDA:2,getDefaultConfig
FNDA:2,validateConfig
FNDA:0,initializeConfig
FNDA:0,getConfigPath
FNDA:0,configExists
FNDA:0,resetConfig
FNDA:0,updateConfig
DA:9,5
DA:10,5
DA:11,5
DA:18,1
DA:20,1
DA:21,1
DA:22,0
DA:23,0
DA:26,0
DA:29,1
DA:38,1
DA:39,1
DA:40,1
DA:48,2
DA:70,2
DA:72,2
DA:73,0
DA:74,0
DA:75,0
DA:77,0
DA:80,2
DA:81,1
DA:82,1
DA:83,1
DA:85,0
DA:88,1
DA:89,0
DA:90,0
DA:91,0
DA:93,0
DA:96,1
DA:97,1
DA:98,0
DA:99,0
DA:100,0
DA:102,0
DA:105,1
DA:106,1
DA:107,1
DA:109,1
DA:110,2
DA:111,0
DA:112,0
DA:113,0
DA:115,0
DA:118,2
DA:119,0
DA:120,0
DA:121,0
DA:123,0
DA:128,1
DA:131,0
DA:132,0
DA:133,0
DA:135,0
DA:139,1
DA:147,0
DA:148,0
DA:150,0
DA:151,0
DA:153,0
DA:161,0
DA:169,0
DA:170,0
DA:178,0
DA:179,0
DA:180,0
DA:190,0
DA:193,0
DA:194,0
DA:196,0
DA:197,0
DA:198,0
DA:200,0
DA:203,0
DA:205,0
DA:206,0
DA:209,5
LF:78
LH:29
BRDA:21,0,0,0
BRDA:21,0,1,1
BRDA:72,1,0,0
BRDA:72,1,1,2
BRDA:74,2,0,0
BRDA:74,2,1,0
BRDA:80,3,0,1
BRDA:80,3,1,1
BRDA:80,4,0,2
BRDA:80,4,1,2
BRDA:82,5,0,1
BRDA:82,5,1,0
BRDA:88,6,0,0
BRDA:88,6,1,1
BRDA:90,7,0,0
BRDA:90,7,1,0
BRDA:96,8,0,1
BRDA:96,8,1,0
BRDA:97,9,0,0
BRDA:97,9,1,1
BRDA:99,10,0,0
BRDA:99,10,1,0
BRDA:105,11,0,1
BRDA:105,11,1,0
BRDA:110,12,0,0
BRDA:110,12,1,2
BRDA:112,13,0,0
BRDA:112,13,1,0
BRDA:118,14,0,0
BRDA:118,14,1,2
BRDA:120,15,0,0
BRDA:120,15,1,0
BRDA:128,16,0,0
BRDA:128,16,1,1
BRDA:128,17,0,1
BRDA:128,17,1,0
BRDA:128,17,2,0
BRDA:132,18,0,0
BRDA:132,18,1,0
BRDA:197,19,0,0
BRDA:197,19,1,0
BRF:41
BRH:15
end_of_record
TN:
SF:src\agents\index.js
FN:19,(anonymous_0)
FN:28,(anonymous_1)
FN:56,(anonymous_2)
FN:91,(anonymous_3)
FN:99,(anonymous_4)
FN:107,(anonymous_5)
FN:117,(anonymous_6)
FN:142,(anonymous_7)
FN:178,(anonymous_8)
FN:195,(anonymous_9)
FNF:10
FNH:9
FNDA:9,(anonymous_0)
FNDA:5,(anonymous_1)
FNDA:10,(anonymous_2)
FNDA:2,(anonymous_3)
FNDA:1,(anonymous_4)
FNDA:1,(anonymous_5)
FNDA:0,(anonymous_6)
FNDA:1,(anonymous_7)
FNDA:2,(anonymous_8)
FNDA:2,(anonymous_9)
DA:9,9
DA:10,9
DA:11,9
DA:12,9
DA:20,9
DA:21,9
DA:29,5
DA:31,5
DA:34,5
DA:36,5
DA:37,10
DA:38,10
DA:39,0
DA:40,0
DA:43,10
DA:47,0
DA:57,10
DA:58,10
DA:61,10
DA:62,0
DA:63,0
DA:66,0
DA:67,0
DA:70,0
DA:71,0
DA:74,0
DA:82,10
DA:92,2
DA:100,1
DA:108,1
DA:118,0
DA:119,0
DA:120,0
DA:123,0
DA:126,0
DA:133,0
DA:143,1
DA:145,1
DA:146,0
DA:149,1
DA:151,1
DA:153,1
DA:167,1
DA:170,1
DA:179,2
DA:180,2
DA:181,1
DA:184,1
DA:187,1
DA:196,2
DA:197,0
DA:198,0
DA:199,0
DA:201,0
DA:204,2
DA:205,1
DA:206,1
DA:207,1
DA:209,0
DA:212,1
DA:213,0
DA:214,0
DA:215,0
DA:217,0
DA:220,1
DA:221,0
DA:222,0
DA:223,0
DA:225,0
DA:228,1
DA:229,1
DA:230,0
DA:231,0
DA:232,0
DA:234,0
DA:237,1
DA:242,9
DA:244,9
LF:78
LH:44
BRDA:39,0,0,0
BRDA:39,0,1,0
BRDA:62,1,0,0
BRDA:62,1,1,0
BRDA:70,2,0,0
BRDA:70,2,1,0
BRDA:70,3,0,0
BRDA:70,3,1,0
BRDA:92,4,0,2
BRDA:92,4,1,2
BRDA:117,5,0,0
BRDA:119,6,0,0
BRDA:119,6,1,0
BRDA:145,7,0,0
BRDA:145,7,1,1
BRDA:145,8,0,1
BRDA:145,8,1,1
BRDA:156,9,0,1
BRDA:156,9,1,0
BRDA:156,10,0,0
BRDA:156,10,1,0
BRDA:157,11,0,1
BRDA:157,11,1,0
BRDA:164,12,0,1
BRDA:164,12,1,0
BRDA:180,13,0,1
BRDA:180,13,1,1
BRDA:196,14,0,0
BRDA:196,14,1,2
BRDA:198,15,0,0
BRDA:198,15,1,0
BRDA:204,16,0,1
BRDA:204,16,1,1
BRDA:204,17,0,2
BRDA:204,17,1,1
BRDA:206,18,0,1
BRDA:206,18,1,0
BRDA:212,19,0,0
BRDA:212,19,1,1
BRDA:212,20,0,1
BRDA:212,20,1,1
BRDA:214,21,0,0
BRDA:214,21,1,0
BRDA:220,22,0,0
BRDA:220,22,1,1
BRDA:220,23,0,1
BRDA:220,23,1,1
BRDA:222,24,0,0
BRDA:222,24,1,0
BRDA:229,25,0,0
BRDA:229,25,1,1
BRDA:229,26,0,1
BRDA:229,26,1,1
BRDA:231,27,0,0
BRDA:231,27,1,0
BRF:55
BRH:25
end_of_record
TN:
SF:src\core\agentic-engine.js
FN:7,(anonymous_0)
FN:16,(anonymous_1)
FN:22,(anonymous_2)
FN:38,(anonymous_3)
FN:80,(anonymous_4)
FN:99,(anonymous_5)
FN:115,(anonymous_6)
FN:128,(anonymous_7)
FN:132,(anonymous_8)
FN:136,(anonymous_9)
FN:146,(anonymous_10)
FN:152,(anonymous_11)
FN:163,(anonymous_12)
FN:172,(anonymous_13)
FN:181,(anonymous_14)
FN:196,(anonymous_15)
FN:206,(anonymous_16)
FN:222,(anonymous_17)
FN:225,(anonymous_18)
FN:238,(anonymous_19)
FN:255,(anonymous_20)
FN:263,(anonymous_21)
FN:282,(anonymous_22)
FN:292,(anonymous_23)
FN:302,(anonymous_24)
FN:307,(anonymous_25)
FN:312,(anonymous_26)
FN:314,(anonymous_27)
FN:317,(anonymous_28)
FN:326,(anonymous_29)
FN:330,(anonymous_30)
FN:338,(anonymous_31)
FN:348,(anonymous_32)
FN:354,(anonymous_33)
FN:358,(anonymous_34)
FN:362,(anonymous_35)
FN:366,(anonymous_36)
FN:367,(anonymous_37)
FN:374,(anonymous_38)
FN:381,(anonymous_39)
FN:393,(anonymous_40)
FN:437,(anonymous_41)
FN:439,(anonymous_42)
FN:441,(anonymous_43)
FN:443,(anonymous_44)
FN:452,(anonymous_45)
FN:482,(anonymous_46)
FN:507,(anonymous_47)
FN:513,(anonymous_48)
FN:543,(anonymous_49)
FN:585,(anonymous_50)
FN:619,(anonymous_51)
FN:665,(anonymous_52)
FN:681,(anonymous_53)
FN:682,(anonymous_54)
FN:685,(anonymous_55)
FN:687,(anonymous_56)
FN:698,(anonymous_57)
FN:712,(anonymous_58)
FN:736,(anonymous_59)
FN:764,(anonymous_60)
FN:781,(anonymous_61)
FN:805,(anonymous_62)
FN:810,(anonymous_63)
FN:832,(anonymous_64)
FN:842,(anonymous_65)
FN:865,(anonymous_66)
FN:873,(anonymous_67)
FN:884,(anonymous_68)
FN:891,(anonymous_69)
FN:916,(anonymous_70)
FN:925,(anonymous_71)
FN:955,(anonymous_72)
FN:975,(anonymous_73)
FN:980,(anonymous_74)
FN:982,(anonymous_75)
FN:987,(anonymous_76)
FN:1005,(anonymous_77)
FN:1011,(anonymous_78)
FN:1019,(anonymous_79)
FN:1025,(anonymous_80)
FN:1033,(anonymous_81)
FN:1039,(anonymous_82)
FN:1047,(anonymous_83)
FN:1053,(anonymous_84)
FN:1061,(anonymous_85)
FN:1067,(anonymous_86)
FN:1075,(anonymous_87)
FN:1081,(anonymous_88)
FN:1089,(anonymous_89)
FN:1095,(anonymous_90)
FN:1103,(anonymous_91)
FN:1109,(anonymous_92)
FNF:93
FNH:65
FNDA:20,(anonymous_0)
FNDA:16,(anonymous_1)
FNDA:16,(anonymous_2)
FNDA:80,(anonymous_3)
FNDA:16,(anonymous_4)
FNDA:128,(anonymous_5)
FNDA:0,(anonymous_6)
FNDA:0,(anonymous_7)
FNDA:0,(anonymous_8)
FNDA:0,(anonymous_9)
FNDA:37,(anonymous_10)
FNDA:16,(anonymous_11)
FNDA:16,(anonymous_12)
FNDA:127440,(anonymous_13)
FNDA:0,(anonymous_14)
FNDA:16,(anonymous_15)
FNDA:0,(anonymous_16)
FNDA:0,(anonymous_17)
FNDA:954,(anonymous_18)
FNDA:958,(anonymous_19)
FNDA:956,(anonymous_20)
FNDA:955,(anonymous_21)
FNDA:970,(anonymous_22)
FNDA:954,(anonymous_23)
FNDA:954,(anonymous_24)
FNDA:618662,(anonymous_25)
FNDA:687328,(anonymous_26)
FNDA:9144,(anonymous_27)
FNDA:954,(anonymous_28)
FNDA:16,(anonymous_29)
FNDA:224,(anonymous_30)
FNDA:6192,(anonymous_31)
FNDA:6,(anonymous_32)
FNDA:12,(anonymous_33)
FNDA:12,(anonymous_34)
FNDA:12,(anonymous_35)
FNDA:12,(anonymous_36)
FNDA:8,(anonymous_37)
FNDA:0,(anonymous_38)
FNDA:0,(anonymous_39)
FNDA:1,(anonymous_40)
FNDA:0,(anonymous_41)
FNDA:1,(anonymous_42)
FNDA:0,(anonymous_43)
FNDA:1,(anonymous_44)
FNDA:1,(anonymous_45)
FNDA:1,(anonymous_46)
FNDA:32,(anonymous_47)
FNDA:2,(anonymous_48)
FNDA:3,(anonymous_49)
FNDA:4,(anonymous_50)
FNDA:4,(anonymous_51)
FNDA:2,(anonymous_52)
FNDA:2,(anonymous_53)
FNDA:2,(anonymous_54)
FNDA:2,(anonymous_55)
FNDA:2,(anonymous_56)
FNDA:3,(anonymous_57)
FNDA:3,(anonymous_58)
FNDA:3,(anonymous_59)
FNDA:6,(anonymous_60)
FNDA:3,(anonymous_61)
FNDA:25,(anonymous_62)
FNDA:1,(anonymous_63)
FNDA:3,(anonymous_64)
FNDA:3,(anonymous_65)
FNDA:1,(anonymous_66)
FNDA:1,(anonymous_67)
FNDA:0,(anonymous_68)
FNDA:0,(anonymous_69)
FNDA:0,(anonymous_70)
FNDA:0,(anonymous_71)
FNDA:0,(anonymous_72)
FNDA:0,(anonymous_73)
FNDA:0,(anonymous_74)
FNDA:0,(anonymous_75)
FNDA:0,(anonymous_76)
FNDA:16,(anonymous_77)
FNDA:0,(anonymous_78)
FNDA:16,(anonymous_79)
FNDA:0,(anonymous_80)
FNDA:16,(anonymous_81)
FNDA:0,(anonymous_82)
FNDA:16,(anonymous_83)
FNDA:0,(anonymous_84)
FNDA:16,(anonymous_85)
FNDA:0,(anonymous_86)
FNDA:16,(anonymous_87)
FNDA:0,(anonymous_88)
FNDA:16,(anonymous_89)
FNDA:0,(anonymous_90)
FNDA:16,(anonymous_91)
FNDA:0,(anonymous_92)
DA:1,3
DA:2,3
DA:3,3
DA:4,3
DA:8,20
DA:9,20
DA:10,20
DA:11,20
DA:12,20
DA:13,20
DA:17,16
DA:18,16
DA:19,16
DA:24,16
DA:32,16
DA:33,80
DA:34,80
DA:39,80
DA:72,80
DA:82,16
DA:93,16
DA:94,128
DA:95,128
DA:100,128
DA:111,128
DA:112,128
DA:117,0
DA:120,0
DA:123,0
DA:125,0
DA:129,0
DA:133,0
DA:137,0
DA:138,0
DA:139,0
DA:140,0
DA:141,0
DA:147,37
DA:148,37
DA:149,37
DA:153,16
DA:155,16
DA:156,16
DA:157,16
DA:158,0
DA:160,0
DA:165,16
DA:167,16
DA:169,944
DA:171,944
DA:172,2160
DA:173,127440
DA:176,2160
DA:183,0
DA:185,0
DA:187,0
DA:197,16
DA:199,16
DA:200,944
DA:201,944
DA:202,944
DA:208,0
DA:210,0
DA:211,0
DA:212,0
DA:213,0
DA:222,0
DA:226,954
DA:239,958
DA:240,958
DA:252,958
DA:257,956
DA:258,956
DA:259,956
DA:260,956
DA:264,955
DA:267,955
DA:269,955
DA:270,390
DA:274,955
DA:275,955
DA:276,1779
DA:279,955
DA:283,970
DA:289,954
DA:294,954
DA:295,954
DA:304,954
DA:305,954
DA:307,954
DA:308,618662
DA:311,954
DA:312,687328
DA:314,9144
DA:319,954
DA:320,522
DA:321,218
DA:322,122
DA:323,122
DA:327,16
DA:328,16
DA:330,16
DA:331,224
DA:333,224
DA:334,1664
DA:336,1664
DA:337,208
DA:338,6192
DA:339,944
DA:344,16
DA:345,16
DA:350,6
DA:351,6
DA:354,12
DA:355,6
DA:358,12
DA:359,6
DA:362,12
DA:363,6
DA:366,6
DA:367,12
DA:369,6
DA:371,6
DA:376,0
DA:378,0
DA:380,0
DA:381,0
DA:382,0
DA:385,0
DA:386,0
DA:387,0
DA:395,1
DA:408,1
DA:409,1
DA:411,1
DA:413,1
DA:416,1
DA:417,1
DA:418,1
DA:421,1
DA:431,1
DA:432,1
DA:435,1
DA:437,0
DA:439,1
DA:441,0
DA:443,1
DA:447,1
DA:449,1
DA:453,1
DA:455,1
DA:456,0
DA:463,1
DA:464,0
DA:471,1
DA:472,1
DA:479,1
DA:483,1
DA:485,1
DA:486,1
DA:487,1
DA:488,1
DA:489,1
DA:491,1
DA:492,1
DA:493,1
DA:495,1
DA:497,1
DA:498,1
DA:499,1
DA:502,1
DA:508,32
DA:509,32
DA:510,32
DA:514,2
DA:516,2
DA:526,2
DA:529,2
DA:532,2
DA:535,2
DA:538,2
DA:540,2
DA:544,3
DA:546,3
DA:554,3
DA:555,3
DA:556,3
DA:558,3
DA:559,3
DA:561,3
DA:562,0
DA:563,0
DA:564,0
DA:568,3
DA:569,3
DA:573,3
DA:574,3
DA:577,0
DA:578,0
DA:579,0
DA:582,3
DA:587,4
DA:596,4
DA:597,0
DA:600,4
DA:601,0
DA:604,4
DA:605,0
DA:608,4
DA:609,4
DA:612,4
DA:613,0
DA:616,4
DA:620,4
DA:622,4
DA:623,2
DA:632,4
DA:633,2
DA:642,4
DA:643,4
DA:652,4
DA:653,2
DA:662,4
DA:666,2
DA:669,2
DA:670,0
DA:671,0
DA:678,2
DA:682,2
DA:687,2
DA:688,0
DA:691,2
DA:692,0
DA:695,2
DA:699,3
DA:710,3
DA:712,3
DA:714,3
DA:715,3
DA:716,3
DA:719,3
DA:720,3
DA:728,0
DA:729,0
DA:730,0
DA:733,3
DA:737,3
DA:739,3
DA:746,3
DA:747,6
DA:748,6
DA:749,2
DA:754,4
DA:759,3
DA:761,3
DA:765,6
DA:767,6
DA:768,12
DA:771,6
DA:774,2
DA:778,6
DA:782,3
DA:785,3
DA:786,4
DA:788,2
DA:789,4
DA:790,2
DA:800,3
DA:806,25
DA:807,25
DA:811,1
DA:813,1
DA:814,1
DA:815,1
DA:818,1
DA:821,1
DA:823,1
DA:824,1
DA:825,1
DA:827,0
DA:833,3
DA:843,3
DA:844,3
DA:846,3
DA:847,3
DA:848,3
DA:850,3
DA:851,3
DA:854,3
DA:855,2
DA:856,2
DA:859,3
DA:862,3
DA:867,1
DA:870,1
DA:874,1
DA:876,1
DA:877,1
DA:885,0
DA:886,0
DA:887,0
DA:888,0
DA:892,0
DA:894,0
DA:903,0
DA:904,0
DA:907,0
DA:908,0
DA:911,0
DA:912,0
DA:917,0
DA:919,0
DA:920,0
DA:921,0
DA:926,0
DA:947,0
DA:956,0
DA:959,0
DA:960,0
DA:961,0
DA:965,0
DA:966,0
DA:967,0
DA:971,0
DA:972,0
DA:977,0
DA:982,0
DA:983,0
DA:988,0
DA:989,0
DA:992,0
DA:1006,16
DA:1007,16
DA:1008,16
DA:1012,0
DA:1014,0
DA:1020,16
DA:1021,16
DA:1022,16
DA:1026,0
DA:1028,0
DA:1034,16
DA:1035,16
DA:1036,16
DA:1040,0
DA:1042,0
DA:1048,16
DA:1049,16
DA:1050,16
DA:1054,0
DA:1056,0
DA:1062,16
DA:1063,16
DA:1064,16
DA:1068,0
DA:1070,0
DA:1076,16
DA:1077,16
DA:1078,16
DA:1082,0
DA:1084,0
DA:1090,16
DA:1091,16
DA:1092,16
DA:1096,0
DA:1098,0
DA:1104,16
DA:1105,16
DA:1106,16
DA:1110,0
DA:1112,0
DA:1116,3
LF:372
LH:271
BRDA:72,0,0,80
BRDA:72,0,1,0
BRDA:173,1,0,127440
BRDA:173,1,1,127392
BRDA:188,2,0,0
BRDA:188,2,1,0
BRDA:189,3,0,0
BRDA:189,3,1,0
BRDA:191,4,0,0
BRDA:191,4,1,0
BRDA:212,5,0,0
BRDA:212,5,1,0
BRDA:252,6,0,958
BRDA:252,6,1,0
BRDA:258,7,0,956
BRDA:258,7,1,197
BRDA:284,8,0,970
BRDA:284,8,1,854
BRDA:285,9,0,954
BRDA:285,9,1,536
BRDA:286,10,0,954
BRDA:286,10,1,538
BRDA:287,11,0,954
BRDA:287,11,1,458
BRDA:304,12,0,954
BRDA:304,12,1,0
BRDA:308,13,0,618662
BRDA:308,13,1,137880
BRDA:319,14,0,432
BRDA:319,14,1,522
BRDA:319,15,0,954
BRDA:319,15,1,554
BRDA:320,16,0,304
BRDA:320,16,1,218
BRDA:321,17,0,96
BRDA:321,17,1,122
BRDA:321,18,0,218
BRDA:321,18,1,122
BRDA:322,19,0,0
BRDA:322,19,1,122
BRDA:322,20,0,122
BRDA:322,20,1,122
BRDA:336,21,0,208
BRDA:336,21,1,1456
BRDA:336,22,0,1664
BRDA:336,22,1,288
BRDA:336,22,2,224
BRDA:338,23,0,944
BRDA:338,23,1,512
BRDA:338,24,0,1456
BRDA:338,24,1,1376
BRDA:355,25,0,4
BRDA:355,25,1,2
BRDA:363,26,0,0
BRDA:363,26,1,6
BRDA:382,27,0,0
BRDA:382,27,1,0
BRDA:385,28,0,0
BRDA:385,28,1,0
BRDA:386,29,0,0
BRDA:386,29,1,0
BRDA:413,30,0,1
BRDA:413,30,1,1
BRDA:431,31,0,1
BRDA:431,31,1,0
BRDA:455,32,0,0
BRDA:455,32,1,1
BRDA:463,33,0,0
BRDA:463,33,1,1
BRDA:471,34,0,1
BRDA:471,34,1,0
BRDA:471,35,0,1
BRDA:471,35,1,0
BRDA:561,36,0,0
BRDA:561,36,1,3
BRDA:563,37,0,0
BRDA:563,37,1,0
BRDA:568,38,0,3
BRDA:568,38,1,0
BRDA:596,39,0,0
BRDA:596,39,1,4
BRDA:596,40,0,4
BRDA:596,40,1,4
BRDA:600,41,0,0
BRDA:600,41,1,4
BRDA:600,42,0,4
BRDA:600,42,1,4
BRDA:600,42,2,4
BRDA:604,43,0,0
BRDA:604,43,1,4
BRDA:604,44,0,4
BRDA:604,44,1,4
BRDA:608,45,0,4
BRDA:608,45,1,0
BRDA:608,46,0,4
BRDA:608,46,1,0
BRDA:612,47,0,0
BRDA:612,47,1,4
BRDA:612,48,0,4
BRDA:612,48,1,4
BRDA:612,48,2,4
BRDA:622,49,0,2
BRDA:622,49,1,2
BRDA:632,50,0,2
BRDA:632,50,1,2
BRDA:642,51,0,4
BRDA:642,51,1,0
BRDA:652,52,0,2
BRDA:652,52,1,2
BRDA:670,53,0,0
BRDA:670,53,1,0
BRDA:687,54,0,0
BRDA:687,54,1,2
BRDA:691,55,0,0
BRDA:691,55,1,2
BRDA:719,56,0,3
BRDA:719,56,1,0
BRDA:748,57,0,2
BRDA:748,57,1,4
BRDA:768,58,0,6
BRDA:768,58,1,6
BRDA:771,59,0,2
BRDA:771,59,1,4
BRDA:771,60,0,6
BRDA:771,60,1,2
BRDA:771,60,2,2
BRDA:786,61,0,2
BRDA:786,61,1,2
BRDA:786,62,0,4
BRDA:786,62,1,2
BRDA:789,63,0,2
BRDA:789,63,1,2
BRDA:789,64,0,4
BRDA:789,64,1,2
BRDA:813,65,0,1
BRDA:813,65,1,0
BRDA:813,66,0,1
BRDA:813,66,1,1
BRDA:823,67,0,1
BRDA:823,67,1,0
BRDA:850,68,0,3
BRDA:850,68,1,0
BRDA:854,69,0,2
BRDA:854,69,1,1
BRDA:903,70,0,0
BRDA:903,70,1,0
BRDA:907,71,0,0
BRDA:907,71,1,0
BRDA:911,72,0,0
BRDA:911,72,1,0
BRDA:947,73,0,0
BRDA:947,73,1,0
BRDA:960,74,0,0
BRDA:960,74,1,0
BRDA:966,75,0,0
BRDA:966,75,1,0
BRDA:988,76,0,0
BRDA:988,76,1,0
BRF:158
BRH:101
end_of_record
TN:
SF:src\providers\anthropic.js
FN:16,(anonymous_0)
FN:27,(anonymous_1)
FN:50,(anonymous_2)
FN:82,(anonymous_3)
FN:90,(anonymous_4)
FNF:5
FNH:1
FNDA:8,(anonymous_0)
FNDA:0,(anonymous_1)
FNDA:0,(anonymous_2)
FNDA:0,(anonymous_3)
FNDA:0,(anonymous_4)
DA:9,8
DA:17,8
DA:18,8
DA:19,8
DA:20,8
DA:28,0
DA:29,0
DA:32,0
DA:41,0
DA:51,0
DA:52,0
DA:55,0
DA:66,0
DA:67,0
DA:68,0
DA:74,0
DA:83,0
DA:91,0
DA:101,8
LF:19
LH:6
BRDA:18,0,0,8
BRDA:18,0,1,8
BRDA:28,1,0,0
BRDA:28,1,1,0
BRDA:50,2,0,0
BRDA:51,3,0,0
BRDA:51,3,1,0
BRDA:56,4,0,0
BRDA:56,4,1,0
BRDA:57,5,0,0
BRDA:57,5,1,0
BRDA:74,6,0,0
BRDA:74,6,1,0
BRF:13
BRH:2
end_of_record
TN:
SF:src\providers\aws.js
FN:16,(anonymous_0)
FN:29,(anonymous_1)
FN:50,(anonymous_2)
FN:83,(anonymous_3)
FN:91,(anonymous_4)
FNF:5
FNH:1
FNDA:8,(anonymous_0)
FNDA:0,(anonymous_1)
FNDA:0,(anonymous_2)
FNDA:0,(anonymous_3)
FNDA:0,(anonymous_4)
DA:9,8
DA:17,8
DA:18,8
DA:19,8
DA:20,8
DA:21,8
DA:22,8
DA:30,0
DA:31,0
DA:34,0
DA:41,0
DA:51,0
DA:52,0
DA:55,0
DA:56,0
DA:67,0
DA:68,0
DA:69,0
DA:75,0
DA:84,0
DA:92,0
DA:100,8
LF:22
LH:8
BRDA:20,0,0,8
BRDA:20,0,1,8
BRDA:30,1,0,0
BRDA:30,1,1,0
BRDA:30,2,0,0
BRDA:30,2,1,0
BRDA:50,3,0,0
BRDA:51,4,0,0
BRDA:51,4,1,0
BRDA:55,5,0,0
BRDA:55,5,1,0
BRDA:58,6,0,0
BRDA:58,6,1,0
BRDA:75,7,0,0
BRDA:75,7,1,0
BRDA:84,8,0,0
BRDA:84,8,1,0
BRF:17
BRH:2
end_of_record
TN:
SF:src\providers\google.js
FN:16,(anonymous_0)
FN:29,(anonymous_1)
FN:51,(anonymous_2)
FN:94,(anonymous_3)
FN:102,(anonymous_4)
FNF:5
FNH:1
FNDA:8,(anonymous_0)
FNDA:0,(anonymous_1)
FNDA:0,(anonymous_2)
FNDA:0,(anonymous_3)
FNDA:0,(anonymous_4)
DA:9,8
DA:17,8
DA:18,8
DA:19,8
DA:20,8
DA:21,8
DA:22,8
DA:30,0
DA:31,0
DA:34,0
DA:42,0
DA:52,0
DA:53,0
DA:56,0
DA:57,0
DA:74,0
DA:75,0
DA:80,0
DA:86,0
DA:95,0
DA:103,0
DA:112,8
LF:22
LH:8
BRDA:20,0,0,8
BRDA:20,0,1,8
BRDA:30,1,0,0
BRDA:30,1,1,0
BRDA:30,2,0,0
BRDA:30,2,1,0
BRDA:51,3,0,0
BRDA:52,4,0,0
BRDA:52,4,1,0
BRDA:56,5,0,0
BRDA:56,5,1,0
BRDA:69,6,0,0
BRDA:69,6,1,0
BRDA:70,7,0,0
BRDA:70,7,1,0
BRDA:86,8,0,0
BRDA:86,8,1,0
BRDA:95,9,0,0
BRDA:95,9,1,0
BRF:19
BRH:2
end_of_record
TN:
SF:src\providers\index.js
FN:24,(anonymous_0)
FN:33,(anonymous_1)
FN:51,(anonymous_2)
FN:68,(anonymous_3)
FN:78,(anonymous_4)
FNF:5
FNH:4
FNDA:8,(anonymous_0)
FNDA:8,(anonymous_1)
FNDA:6,(anonymous_2)
FNDA:2,(anonymous_3)
FNDA:0,(anonymous_4)
DA:10,8
DA:11,8
DA:12,8
DA:13,8
DA:14,8
DA:25,8
DA:26,8
DA:34,8
DA:35,8
DA:36,8
DA:37,8
DA:38,8
DA:52,6
DA:53,6
DA:54,1
DA:56,5
DA:69,2
DA:79,0
DA:84,8
DA:86,8
LF:20
LH:19
BRDA:53,0,0,1
BRDA:53,0,1,5
BRF:2
BRH:2
end_of_record
TN:
SF:src\providers\ollama.js
FN:16,(anonymous_0)
FN:26,(anonymous_1)
FN:49,(anonymous_2)
FN:85,(anonymous_3)
FN:104,(anonymous_4)
FN:111,(anonymous_5)
FN:122,(anonymous_6)
FN:138,(anonymous_7)
FNF:8
FNH:1
FNDA:8,(anonymous_0)
FNDA:0,(anonymous_1)
FNDA:0,(anonymous_2)
FNDA:0,(anonymous_3)
FNDA:0,(anonymous_4)
FNDA:0,(anonymous_5)
FNDA:0,(anonymous_6)
FNDA:0,(anonymous_7)
DA:9,8
DA:17,8
DA:18,8
DA:19,8
DA:27,0
DA:35,0
DA:36,0
DA:37,0
DA:39,0
DA:50,0
DA:51,0
DA:54,0
DA:55,0
DA:65,0
DA:66,0
DA:67,0
DA:77,0
DA:86,0
DA:87,0
DA:88,0
DA:93,0
DA:94,0
DA:96,0
DA:105,0
DA:106,0
DA:107,0
DA:110,0
DA:111,0
DA:113,0
DA:123,0
DA:124,0
DA:127,0
DA:128,0
DA:130,0
DA:139,0
DA:140,0
DA:141,0
DA:144,0
DA:145,0
DA:147,0
DA:152,8
LF:41
LH:5
BRDA:18,0,0,8
BRDA:18,0,1,8
BRDA:49,1,0,0
BRDA:50,2,0,0
BRDA:50,2,1,0
BRDA:54,3,0,0
BRDA:54,3,1,0
BRDA:60,4,0,0
BRDA:60,4,1,0
BRDA:61,5,0,0
BRDA:61,5,1,0
BRDA:70,6,0,0
BRDA:70,6,1,0
BRDA:71,7,0,0
BRDA:71,7,1,0
BRDA:72,8,0,0
BRDA:72,8,1,0
BRDA:72,9,0,0
BRDA:72,9,1,0
BRDA:77,10,0,0
BRDA:77,10,1,0
BRDA:87,11,0,0
BRDA:87,11,1,0
BRDA:106,12,0,0
BRDA:106,12,1,0
BRDA:123,13,0,0
BRDA:123,13,1,0
BRDA:140,14,0,0
BRDA:140,14,1,0
BRF:29
BRH:2
end_of_record
TN:
SF:src\providers\openai.js
FN:16,(anonymous_0)
FN:27,(anonymous_1)
FN:49,(anonymous_2)
FN:82,(anonymous_3)
FN:90,(anonymous_4)
FNF:5
FNH:1
FNDA:8,(anonymous_0)
FNDA:0,(anonymous_1)
FNDA:0,(anonymous_2)
FNDA:0,(anonymous_3)
FNDA:0,(anonymous_4)
DA:9,8
DA:17,8
DA:18,8
DA:19,8
DA:20,8
DA:28,0
DA:29,0
DA:32,0
DA:40,0
DA:50,0
DA:51,0
DA:54,0
DA:66,0
DA:67,0
DA:68,0
DA:74,0
DA:83,0
DA:91,0
DA:100,8
LF:19
LH:6
BRDA:28,0,0,0
BRDA:28,0,1,0
BRDA:49,1,0,0
BRDA:50,2,0,0
BRDA:50,2,1,0
BRDA:55,3,0,0
BRDA:55,3,1,0
BRDA:62,4,0,0
BRDA:62,4,1,0
BRDA:63,5,0,0
BRDA:63,5,1,0
BRDA:74,6,0,0
BRDA:74,6,1,0
BRF:13
BRH:0
end_of_record
TN:
SF:src\skills\index.js
FN:19,(anonymous_0)
FN:28,(anonymous_1)
FN:56,(anonymous_2)
FN:91,(anonymous_3)
FN:99,(anonymous_4)
FN:107,(anonymous_5)
FN:117,(anonymous_6)
FN:142,(anonymous_7)
FN:177,(anonymous_8)
FN:195,(anonymous_9)
FNF:10
FNH:7
FNDA:6,(anonymous_0)
FNDA:6,(anonymous_1)
FNDA:12,(anonymous_2)
FNDA:3,(anonymous_3)
FNDA:1,(anonymous_4)
FNDA:1,(anonymous_5)
FNDA:2,(anonymous_6)
FNDA:0,(anonymous_7)
FNDA:0,(anonymous_8)
FNDA:0,(anonymous_9)
DA:9,6
DA:10,6
DA:11,6
DA:12,6
DA:20,6
DA:21,6
DA:29,6
DA:31,6
DA:34,6
DA:36,6
DA:37,12
DA:38,12
DA:39,0
DA:40,0
DA:43,12
DA:47,0
DA:57,12
DA:58,12
DA:61,12
DA:62,0
DA:63,0
DA:66,0
DA:67,0
DA:70,0
DA:71,0
DA:74,0
DA:82,12
DA:92,3
DA:100,1
DA:108,1
DA:118,2
DA:119,2
DA:120,1
DA:123,1
DA:126,1
DA:133,0
DA:143,0
DA:145,0
DA:146,0
DA:149,0
DA:150,0
DA:152,0
DA:154,0
DA:166,0
DA:169,0
DA:178,0
DA:179,0
DA:180,0
DA:183,0
DA:184,0
DA:187,0
DA:196,0
DA:197,0
DA:200,0
DA:201,0
DA:204,0
DA:205,0
DA:208,0
DA:213,6
DA:215,6
LF:60
LH:27
BRDA:39,0,0,0
BRDA:39,0,1,0
BRDA:62,1,0,0
BRDA:62,1,1,0
BRDA:70,2,0,0
BRDA:70,2,1,0
BRDA:70,3,0,0
BRDA:70,3,1,0
BRDA:92,4,0,3
BRDA:92,4,1,3
BRDA:117,5,0,0
BRDA:119,6,0,1
BRDA:119,6,1,1
BRDA:145,7,0,0
BRDA:145,7,1,0
BRDA:145,8,0,0
BRDA:145,8,1,0
BRDA:163,9,0,0
BRDA:163,9,1,0
BRDA:179,10,0,0
BRDA:179,10,1,0
BRDA:196,11,0,0
BRDA:196,11,1,0
BRDA:200,12,0,0
BRDA:200,12,1,0
BRDA:200,13,0,0
BRDA:200,13,1,0
BRDA:204,14,0,0
BRDA:204,14,1,0
BRDA:204,15,0,0
BRDA:204,15,1,0
BRF:31
BRH:4
end_of_record
TN:
SF:src\utils\environment.js
FN:18,setupEnvironment
FN:40,validateEnvironmentVariables
FN:85,isProviderAvailable
FN:110,getAvailableProviders
FN:112,(anonymous_4)
FN:119,displayEnvironmentStatus
FN:126,(anonymous_6)
FN:133,(anonymous_7)
FN:141,(anonymous_8)
FN:155,createEnvironmentTemplate
FNF:10
FNH:0
FNDA:0,setupEnvironment
FNDA:0,validateEnvironmentVariables
FNDA:0,isProviderAvailable
FNDA:0,getAvailableProviders
FNDA:0,(anonymous_4)
FNDA:0,displayEnvironmentStatus
FNDA:0,(anonymous_6)
FNDA:0,(anonymous_7)
FNDA:0,(anonymous_8)
FNDA:0,createEnvironmentTemplate
DA:9,0
DA:10,0
DA:11,0
DA:19,0
DA:22,0
DA:23,0
DA:26,0
DA:27,0
DA:30,0
DA:31,0
DA:33,0
DA:41,0
DA:62,0
DA:63,0
DA:65,0
DA:66,0
DA:67,0
DA:69,0
DA:73,0
DA:86,0
DA:88,0
DA:90,0
DA:92,0
DA:94,0
DA:97,0
DA:100,0
DA:102,0
DA:111,0
DA:112,0
DA:120,0
DA:122,0
DA:124,0
DA:125,0
DA:126,0
DA:127,0
DA:131,0
DA:132,0
DA:133,0
DA:134,0
DA:138,0
DA:139,0
DA:140,0
DA:141,0
DA:142,0
DA:145,0
DA:146,0
DA:156,0
DA:157,0
DA:159,0
DA:183,0
DA:184,0
DA:187,0
LF:52
LH:0
BRDA:18,0,0,0
BRDA:19,1,0,0
BRDA:19,1,1,0
BRDA:43,2,0,0
BRDA:43,2,1,0
BRDA:66,3,0,0
BRDA:66,3,1,0
BRDA:88,4,0,0
BRDA:88,4,1,0
BRDA:88,4,2,0
BRDA:88,4,3,0
BRDA:88,4,4,0
BRDA:88,4,5,0
BRDA:94,5,0,0
BRDA:94,5,1,0
BRDA:97,6,0,0
BRDA:97,6,1,0
BRDA:124,7,0,0
BRDA:124,7,1,0
BRDA:131,8,0,0
BRDA:131,8,1,0
BRDA:139,9,0,0
BRDA:139,9,1,0
BRDA:155,10,0,0
BRDA:156,11,0,0
BRDA:156,11,1,0
BRF:26
BRH:0
end_of_record
